((1) / (3)) * (x) ** (((1) / (3)) - 1) * (1)
((0) + (1))
1
(1/(x)) * (1)
(cos(x)) * (1)
(-sin(x)) * (1)
(1 / ((cos(x)) ** 2)) * (1)
((-1) / ((sin(x)) ** 2)) * (1)
(1 / (1 + (x) ** 2)) * (1)
(1 / ((1 - (x) ** 2) ** (0.5))) * (1)
(((1/(x)) * (1)) * ((sin(x)))) + (((ln(x))) * ((cos(x)) * (1)))
(2) * (x) ** ((2) - 1) * (1)
(3) * (x) ** ((3) - 1) * (1)
((2) ** (x)) * ln(2) * (1)
((e) ** (((ln(x))) * (x))) * ((((1/(x)) * (1)) * (x)) + (((ln(x))) * (1)))
((((((1) + (0))) * ((x) + (2))) + (((x) + (1)) * (((1) + (0))))) * ((x) + (3))) + ((((x) + (1)) * ((x) + (2))) * (((1) + (0))))
((((1 / (1 + (x) ** 2)) * (1)) * ((sin(x)))) - ((arctg(x))) * ((cos(x)) * (1))) / (((sin(x))) ** 2)
(1 / ((1 - ((((sin(1))) * ((sin(x)))) / ((1) - (((cos(x))) * ((cos(1)))))) ** 2) ** (0.5))) * ((((((0) * ((sin(x)))) + (((sin(1))) * ((cos(x)) * (1)))) * ((1) - (((cos(x))) * ((cos(1)))))) - (((sin(1))) * ((sin(x)))) * (((0) - ((((-sin(x)) * (1)) * ((cos(1)))) + (((cos(x))) * (0)))))) / (((1) - (((cos(x))) * ((cos(1))))) ** 2))
(((1 / (1 + ((2) ** ((x) / (2))) ** 2)) * (((2) ** ((x) / (2))) * ln(2) * ((((1) * (2)) - (x) * (0)) / ((2) ** 2)))) - ((1/((((2) ** (x)) / (((2) ** (x)) + (1))) ** (0.5))) * ((0.5) * (((2) ** (x)) / (((2) ** (x)) + (1))) ** ((0.5) - 1) * ((((((2) ** (x)) * ln(2) * (1)) * (((2) ** (x)) + (1))) - ((2) ** (x)) * (((((2) ** (x)) * ln(2) * (1)) + (0)))) / ((((2) ** (x)) + (1)) ** 2)))))
(((((((((((0) * (x)) + ((5) * (1))) + (0))) * ((((x) ** (2)) + (x)) + (1))) - (((5) * (x)) + (2)) * ((((((2) * (x) ** ((2) - 1) * (1)) + (1))) + (0)))) / (((((x) ** (2)) + (x)) + (1)) ** 2)) + ((1/(((((x) - (1)) ** (2)) / ((((x) ** (2)) + (x)) + (1))) ** ((1) / (3)))) * (((1) / (3)) * ((((x) - (1)) ** (2)) / ((((x) ** (2)) + (x)) + (1))) ** (((1) / (3)) - 1) * (((((2) * ((x) - (1)) ** ((2) - 1) * (((1) - (0)))) * ((((x) ** (2)) + (x)) + (1))) - (((x) - (1)) ** (2)) * ((((((2) * (x) ** ((2) - 1) * (1)) + (1))) + (0)))) / (((((x) ** (2)) + (x)) + (1)) ** 2)))))) + (((0) * ((arctg((((2) * (x)) + (1)) / (3))))) + ((8) * ((1 / (1 + ((((2) * (x)) + (1)) / (3)) ** 2)) * ((((((((0) * (x)) + ((2) * (1))) + (0))) * (3)) - (((2) * (x)) + (1)) * (0)) / ((3) ** 2))))))
((e) ** (((ln((ln(((((x) ** (2)) + (4)) ** (0.5)) - ((((x) ** (2)) - (4)) ** (0.5))))))) * ((tg(((x) ** (2)) + ((ln((2) * (x))))))))) * ((((1/((ln(((((x) ** (2)) + (4)) ** (0.5)) - ((((x) ** (2)) - (4)) ** (0.5)))))) * ((1/(((((x) ** (2)) + (4)) ** (0.5)) - ((((x) ** (2)) - (4)) ** (0.5)))) * ((((0.5) * (((x) ** (2)) + (4)) ** ((0.5) - 1) * ((((2) * (x) ** ((2) - 1) * (1)) + (0)))) - ((0.5) * (((x) ** (2)) - (4)) ** ((0.5) - 1) * ((((2) * (x) ** ((2) - 1) * (1)) - (0)))))))) * ((tg(((x) ** (2)) + ((ln((2) * (x)))))))) + (((ln((ln(((((x) ** (2)) + (4)) ** (0.5)) - ((((x) ** (2)) - (4)) ** (0.5))))))) * ((1 / ((cos(((x) ** (2)) + ((ln((2) * (x)))))) ** 2)) * ((((2) * (x) ** ((2) - 1) * (1)) + ((1/((2) * (x))) * (((0) * (x)) + ((2) * (1)))))))))
