c:\users\ulyxa117\desktop\_ооп\lab8\lab8\debug\lab8.pch
c:\users\ulyxa117\desktop\_ооп\lab8\lab8\debug\vc120.pdb
c:\users\ulyxa117\desktop\_ооп\lab8\lab8\debug\stdafx.obj
c:\users\ulyxa117\desktop\_ооп\lab8\lab8\debug\lab8.obj
c:\users\ulyxa117\desktop\_ооп\lab8\lab8\debug\assemblyinfo.obj
c:\users\ulyxa117\desktop\_ооп\lab8\lab8\debug\.netframework,version=v4.0.assemblyattributes.obj
c:\users\ulyxa117\desktop\_ооп\lab8\lab8\debug\lab8.form1.resources
c:\users\ulyxa117\desktop\_ооп\lab8\lab8\debug\app.res
c:\users\ulyxa117\desktop\_ооп\lab8\lab8\debug\lab8.vcxproj.generateresource.cache
c:\users\ulyxa117\desktop\_ооп\lab8\lab8\debug\lab8.vcxprojresolveassemblyreference.cache
c:\users\ulyxa117\desktop\_ооп\lab8\lab8\debug\lab8.exe.intermediate.manifest
c:\users\ulyxa117\desktop\_ооп\lab8\lab8\debug\vc90.idb
c:\users\ulyxa117\desktop\_ооп\lab8\lab8\debug\vc90.pdb
c:\users\ulyxa117\desktop\_ооп\lab8\debug\lab8.pdb
c:\users\ulyxa117\desktop\_ооп\lab8\lab8\debug\lab8.tlog\cl.command.1.tlog
c:\users\ulyxa117\desktop\_ооп\lab8\lab8\debug\lab8.tlog\cl.read.1.tlog
c:\users\ulyxa117\desktop\_ооп\lab8\lab8\debug\lab8.tlog\cl.write.1.tlog
c:\users\ulyxa117\desktop\_ооп\lab8\lab8\debug\lab8.tlog\lab8.write.1u.tlog
c:\users\ulyxa117\desktop\_ооп\lab8\lab8\debug\lab8.tlog\link.7028-cvtres.read.1.tlog
c:\users\ulyxa117\desktop\_ооп\lab8\lab8\debug\lab8.tlog\link.7028-cvtres.write.1.tlog
c:\users\ulyxa117\desktop\_ооп\lab8\lab8\debug\lab8.tlog\link.7028-rc.read.1.tlog
c:\users\ulyxa117\desktop\_ооп\lab8\lab8\debug\lab8.tlog\link.7028-rc.write.1.tlog
c:\users\ulyxa117\desktop\_ооп\lab8\lab8\debug\lab8.tlog\link.7028.read.1.tlog
c:\users\ulyxa117\desktop\_ооп\lab8\lab8\debug\lab8.tlog\link.7028.write.1.tlog
c:\users\ulyxa117\desktop\_ооп\lab8\lab8\debug\lab8.tlog\link.command.1.tlog
c:\users\ulyxa117\desktop\_ооп\lab8\lab8\debug\lab8.tlog\link.read.1.tlog
c:\users\ulyxa117\desktop\_ооп\lab8\lab8\debug\lab8.tlog\link.write.1.tlog
c:\users\ulyxa117\desktop\_ооп\lab8\lab8\debug\lab8.tlog\metagen.read.1.tlog
c:\users\ulyxa117\desktop\_ооп\lab8\lab8\debug\lab8.tlog\metagen.write.1.tlog
c:\users\ulyxa117\desktop\_ооп\lab8\lab8\debug\lab8.tlog\rc.command.1.tlog
c:\users\ulyxa117\desktop\_ооп\lab8\lab8\debug\lab8.tlog\rc.read.1.tlog
c:\users\ulyxa117\desktop\_ооп\lab8\lab8\debug\lab8.tlog\rc.write.1.tlog
c:\users\ulyxa117\desktop\_ооп\lab8\lab8\debug\lab8.tlog\rsaenh.dll.bi
c:\users\ulyxa117\desktop\_ооп\lab8\lab8\debug\lab8.tlog\tzres.dll.bi
